-------------------------------------------------------------------------------
Test set: com.it_academy.testng.runner.OnlinerTestRunner
-------------------------------------------------------------------------------
Tests run: 1, Failures: 1, Errors: 0, Skipped: 0, Time elapsed: 1.197 s <<< FAILURE! - in com.it_academy.testng.runner.OnlinerTestRunner
runScenario(com.it_academy.testng.runner.OnlinerTestRunner)  Time elapsed: 0.141 s  <<< FAILURE!
io.cucumber.testng.UndefinedStepException: 
The step 'the user opens Cucumber website' and 3 other step(s) are undefined.
You can implement these steps using the snippet(s) below:

@Given("the user opens Cucumber website")
public void the_user_opens_cucumber_website() {
    // Write code here that turns the phrase above into concrete actions
    throw new io.cucumber.java.PendingException();
}
@When("the user clicks on the {string} section")
public void the_user_clicks_on_the_section(String string) {
    // Write code here that turns the phrase above into concrete actions
    throw new io.cucumber.java.PendingException();
}
@When("the user clicks on the {string} item")
public void the_user_clicks_on_the_item(String string) {
    // Write code here that turns the phrase above into concrete actions
    throw new io.cucumber.java.PendingException();
}
@Then("page with title {string} is displayed")
public void page_with_title_is_displayed(String string) {
    // Write code here that turns the phrase above into concrete actions
    throw new io.cucumber.java.PendingException();
}


